2012/06/19 01:13:22 [error] [exception.CHttpException.404] exception 'CHttpException' with message 'Unable to resolve the request "g".' in /var/www/yii/framework/web/CWebApplication.php:280
Stack trace:
#0 /var/www/yii/framework/web/CWebApplication.php(135): CWebApplication->runController('g')
#1 /var/www/yii/framework/base/CApplication.php(162): CWebApplication->processRequest()
#2 /var/www/test3/index.php(13): CApplication->run()
#3 {main}
REQUEST_URI=/test3/index.php?r=g
---
2012/06/19 01:14:12 [error] [exception.CException] exception 'CException' with message 'Alias "bootstrap.widgets.BootMenu" is invalid. Make sure it points to an existing directory or file.' in /var/www/yii/framework/YiiBase.php:343
Stack trace:
#0 /var/www/yii/framework/web/CWidgetFactory.php(147): YiiBase::import('bootstrap.widge...', true)
#1 /var/www/yii/framework/web/CBaseController.php(147): CWidgetFactory->createWidget(Object(TestController), 'bootstrap.widge...', Array)
#2 /var/www/yii/framework/web/CBaseController.php(173): CBaseController->createWidget('bootstrap.widge...', Array)
#3 /var/www/test3/protected/views/test/index.php(39): CBaseController->widget('bootstrap.widge...', Array)
#4 /var/www/yii/framework/web/CBaseController.php(127): require('/var/www/test3/...')
#5 /var/www/yii/framework/web/CBaseController.php(96): CBaseController->renderInternal('/var/www/test3/...', Array, true)
#6 /var/www/yii/framework/web/CController.php(870): CBaseController->renderFile('/var/www/test3/...', Array, true)
#7 /var/www/yii/framework/web/CController.php(783): CController->renderPartial('index', Array, true)
#8 /var/www/test3/protected/controllers/TestController.php(158): CController->render('index', Array)
#9 /var/www/yii/framework/web/actions/CInlineAction.php(50): TestController->actionIndex()
#10 /var/www/yii/framework/web/CController.php(309): CInlineAction->runWithParams(Array)
#11 /var/www/yii/framework/web/filters/CFilterChain.php(134): CController->runAction(Object(CInlineAction))
#12 /var/www/yii/framework/web/filters/CFilter.php(41): CFilterChain->run()
#13 /var/www/yii/framework/web/CController.php(1146): CFilter->filter(Object(CFilterChain))
#14 /var/www/yii/framework/web/filters/CInlineFilter.php(59): CController->filterAccessControl(Object(CFilterChain))
#15 /var/www/yii/framework/web/filters/CFilterChain.php(131): CInlineFilter->filter(Object(CFilterChain))
#16 /var/www/yii/framework/web/CController.php(292): CFilterChain->run()
#17 /var/www/yii/framework/web/CController.php(266): CController->runActionWithFilters(Object(CInlineAction), Array)
#18 /var/www/yii/framework/web/CWebApplication.php(276): CController->run('')
#19 /var/www/yii/framework/web/CWebApplication.php(135): CWebApplication->runController('test')
#20 /var/www/yii/framework/base/CApplication.php(162): CWebApplication->processRequest()
#21 /var/www/test3/index.php(13): CApplication->run()
#22 {main}
REQUEST_URI=/test3/index.php?r=test
HTTP_REFERER=http://localhost/test3/index.php?r=gii/bootstrap
---
2012/06/19 01:14:47 [error] [exception.CException] exception 'CException' with message 'Alias "bootstrap.widgets.BootMenu" is invalid. Make sure it points to an existing directory or file.' in /var/www/yii/framework/YiiBase.php:343
Stack trace:
#0 /var/www/yii/framework/web/CWidgetFactory.php(147): YiiBase::import('bootstrap.widge...', true)
#1 /var/www/yii/framework/web/CBaseController.php(147): CWidgetFactory->createWidget(Object(TestController), 'bootstrap.widge...', Array)
#2 /var/www/yii/framework/web/CBaseController.php(173): CBaseController->createWidget('bootstrap.widge...', Array)
#3 /var/www/test3/protected/views/test/index.php(39): CBaseController->widget('bootstrap.widge...', Array)
#4 /var/www/yii/framework/web/CBaseController.php(127): require('/var/www/test3/...')
#5 /var/www/yii/framework/web/CBaseController.php(96): CBaseController->renderInternal('/var/www/test3/...', Array, true)
#6 /var/www/yii/framework/web/CController.php(870): CBaseController->renderFile('/var/www/test3/...', Array, true)
#7 /var/www/yii/framework/web/CController.php(783): CController->renderPartial('index', Array, true)
#8 /var/www/test3/protected/controllers/TestController.php(158): CController->render('index', Array)
#9 /var/www/yii/framework/web/actions/CInlineAction.php(50): TestController->actionIndex()
#10 /var/www/yii/framework/web/CController.php(309): CInlineAction->runWithParams(Array)
#11 /var/www/yii/framework/web/filters/CFilterChain.php(134): CController->runAction(Object(CInlineAction))
#12 /var/www/yii/framework/web/filters/CFilter.php(41): CFilterChain->run()
#13 /var/www/yii/framework/web/CController.php(1146): CFilter->filter(Object(CFilterChain))
#14 /var/www/yii/framework/web/filters/CInlineFilter.php(59): CController->filterAccessControl(Object(CFilterChain))
#15 /var/www/yii/framework/web/filters/CFilterChain.php(131): CInlineFilter->filter(Object(CFilterChain))
#16 /var/www/yii/framework/web/CController.php(292): CFilterChain->run()
#17 /var/www/yii/framework/web/CController.php(266): CController->runActionWithFilters(Object(CInlineAction), Array)
#18 /var/www/yii/framework/web/CWebApplication.php(276): CController->run('')
#19 /var/www/yii/framework/web/CWebApplication.php(135): CWebApplication->runController('test')
#20 /var/www/yii/framework/base/CApplication.php(162): CWebApplication->processRequest()
#21 /var/www/test3/index.php(13): CApplication->run()
#22 {main}
REQUEST_URI=/test3/index.php?r=test
HTTP_REFERER=http://localhost/test3/index.php?r=gii/bootstrap
---
2012/06/19 01:14:49 [error] [exception.CException] exception 'CException' with message 'Alias "bootstrap.widgets.BootMenu" is invalid. Make sure it points to an existing directory or file.' in /var/www/yii/framework/YiiBase.php:343
Stack trace:
#0 /var/www/yii/framework/web/CWidgetFactory.php(147): YiiBase::import('bootstrap.widge...', true)
#1 /var/www/yii/framework/web/CBaseController.php(147): CWidgetFactory->createWidget(Object(TestController), 'bootstrap.widge...', Array)
#2 /var/www/yii/framework/web/CBaseController.php(173): CBaseController->createWidget('bootstrap.widge...', Array)
#3 /var/www/test3/protected/views/test/index.php(39): CBaseController->widget('bootstrap.widge...', Array)
#4 /var/www/yii/framework/web/CBaseController.php(127): require('/var/www/test3/...')
#5 /var/www/yii/framework/web/CBaseController.php(96): CBaseController->renderInternal('/var/www/test3/...', Array, true)
#6 /var/www/yii/framework/web/CController.php(870): CBaseController->renderFile('/var/www/test3/...', Array, true)
#7 /var/www/yii/framework/web/CController.php(783): CController->renderPartial('index', Array, true)
#8 /var/www/test3/protected/controllers/TestController.php(158): CController->render('index', Array)
#9 /var/www/yii/framework/web/actions/CInlineAction.php(50): TestController->actionIndex()
#10 /var/www/yii/framework/web/CController.php(309): CInlineAction->runWithParams(Array)
#11 /var/www/yii/framework/web/filters/CFilterChain.php(134): CController->runAction(Object(CInlineAction))
#12 /var/www/yii/framework/web/filters/CFilter.php(41): CFilterChain->run()
#13 /var/www/yii/framework/web/CController.php(1146): CFilter->filter(Object(CFilterChain))
#14 /var/www/yii/framework/web/filters/CInlineFilter.php(59): CController->filterAccessControl(Object(CFilterChain))
#15 /var/www/yii/framework/web/filters/CFilterChain.php(131): CInlineFilter->filter(Object(CFilterChain))
#16 /var/www/yii/framework/web/CController.php(292): CFilterChain->run()
#17 /var/www/yii/framework/web/CController.php(266): CController->runActionWithFilters(Object(CInlineAction), Array)
#18 /var/www/yii/framework/web/CWebApplication.php(276): CController->run('')
#19 /var/www/yii/framework/web/CWebApplication.php(135): CWebApplication->runController('test')
#20 /var/www/yii/framework/base/CApplication.php(162): CWebApplication->processRequest()
#21 /var/www/test3/index.php(13): CApplication->run()
#22 {main}
REQUEST_URI=/test3/index.php?r=test
HTTP_REFERER=http://localhost/test3/index.php?r=gii/bootstrap
---
2012/06/19 01:49:21 [error] [exception.CHttpException.404] exception 'CHttpException' with message 'Unable to resolve the request "gii/bootstra".' in /var/www/test3/yii/framework/web/CWebApplication.php:280
Stack trace:
#0 /var/www/test3/yii/framework/web/CWebApplication.php(135): CWebApplication->runController('gii/bootstra')
#1 /var/www/test3/yii/framework/base/CApplication.php(162): CWebApplication->processRequest()
#2 /var/www/test3/index.php(13): CApplication->run()
#3 {main}
REQUEST_URI=/test3/index.php?r=gii/bootstra
---
2012/07/03 15:45:31 [error] [exception.CHttpException.404] exception 'CHttpException' with message 'Unable to resolve the request "g".' in /var/www/test3/yii/framework/web/CWebApplication.php:280
Stack trace:
#0 /var/www/test3/yii/framework/web/CWebApplication.php(135): CWebApplication->runController('g')
#1 /var/www/test3/yii/framework/base/CApplication.php(162): CWebApplication->processRequest()
#2 /var/www/test3/index.php(13): CApplication->run()
#3 {main}
REQUEST_URI=/test3/index.php?r=g
---
2012/07/03 15:45:37 [error] [exception.CHttpException.404] exception 'CHttpException' with message 'Unable to resolve the request "te".' in /var/www/test3/yii/framework/web/CWebApplication.php:280
Stack trace:
#0 /var/www/test3/yii/framework/web/CWebApplication.php(135): CWebApplication->runController('te')
#1 /var/www/test3/yii/framework/base/CApplication.php(162): CWebApplication->processRequest()
#2 /var/www/test3/index.php(13): CApplication->run()
#3 {main}
REQUEST_URI=/test3/index.php?r=te
---
2012/07/03 15:45:37 [error] [exception.CHttpException.404] exception 'CHttpException' with message 'Unable to resolve the request "tes".' in /var/www/test3/yii/framework/web/CWebApplication.php:280
Stack trace:
#0 /var/www/test3/yii/framework/web/CWebApplication.php(135): CWebApplication->runController('tes')
#1 /var/www/test3/yii/framework/base/CApplication.php(162): CWebApplication->processRequest()
#2 /var/www/test3/index.php(13): CApplication->run()
#3 {main}
REQUEST_URI=/test3/index.php?r=tes
---
2012/07/03 15:49:02 [error] [exception.CHttpException.404] exception 'CHttpException' with message 'Unable to resolve the request "gi".' in /var/www/test3/yii/framework/web/CWebApplication.php:280
Stack trace:
#0 /var/www/test3/yii/framework/web/CWebApplication.php(135): CWebApplication->runController('gi')
#1 /var/www/test3/yii/framework/base/CApplication.php(162): CWebApplication->processRequest()
#2 /var/www/test3/index.php(13): CApplication->run()
#3 {main}
REQUEST_URI=/test3/index.php?r=gi
---
2012/07/09 12:26:30 [error] [exception.CHttpException.404] exception 'CHttpException' with message 'Unable to resolve the request "g".' in /var/www/test3/yii/framework/web/CWebApplication.php:280
Stack trace:
#0 /var/www/test3/yii/framework/web/CWebApplication.php(135): CWebApplication->runController('g')
#1 /var/www/test3/yii/framework/base/CApplication.php(162): CWebApplication->processRequest()
#2 /var/www/test3/index.php(13): CApplication->run()
#3 {main}
REQUEST_URI=/test3/index.php?r=g
---
2012/08/09 01:09:36 [error] [php] require(facebook.php): failed to open stream: No such file or directory (/var/www/test3/protected/views/site/index.php:6)
Stack trace:
#0 /var/www/test3/yii/framework/web/CBaseController.php(96): SiteController->renderInternal()
#1 /var/www/test3/yii/framework/web/CController.php(870): SiteController->renderFile()
#2 /var/www/test3/yii/framework/web/CController.php(783): SiteController->renderPartial()
#3 /var/www/test3/protected/controllers/SiteController.php(32): SiteController->render()
#4 /var/www/test3/yii/framework/web/actions/CInlineAction.php(50): SiteController->actionIndex()
#5 /var/www/test3/yii/framework/web/CController.php(309): CInlineAction->runWithParams()
#6 /var/www/test3/yii/framework/web/CController.php(287): SiteController->runAction()
#7 /var/www/test3/yii/framework/web/CController.php(266): SiteController->runActionWithFilters()
#8 /var/www/test3/yii/framework/web/CWebApplication.php(276): SiteController->run()
#9 /var/www/test3/yii/framework/web/CWebApplication.php(135): CWebApplication->runController()
#10 /var/www/test3/yii/framework/base/CApplication.php(162): CWebApplication->processRequest()
#11 /var/www/test3/index.php(13): CWebApplication->run()
REQUEST_URI=/test3/
in /var/www/test3/protected/views/site/index.php (6)
in /var/www/test3/protected/views/site/index.php (6)
in /var/www/test3/protected/controllers/SiteController.php (32)
2012/08/09 01:09:36 [error] [php] require(facebook.php): failed to open stream: No such file or directory (/var/www/test3/protected/views/site/index.php:6)
Stack trace:
#0 /var/www/test3/yii/framework/web/CBaseController.php(96): SiteController->renderInternal()
#1 /var/www/test3/yii/framework/web/CController.php(870): SiteController->renderFile()
#2 /var/www/test3/yii/framework/web/CController.php(783): SiteController->renderPartial()
#3 /var/www/test3/protected/controllers/SiteController.php(32): SiteController->render()
#4 /var/www/test3/yii/framework/web/actions/CInlineAction.php(50): SiteController->actionIndex()
#5 /var/www/test3/yii/framework/web/CController.php(309): CInlineAction->runWithParams()
#6 /var/www/test3/yii/framework/web/CController.php(287): SiteController->runAction()
#7 /var/www/test3/yii/framework/web/CController.php(266): SiteController->runActionWithFilters()
#8 /var/www/test3/yii/framework/web/CWebApplication.php(276): SiteController->run()
#9 /var/www/test3/yii/framework/web/CWebApplication.php(135): CWebApplication->runController()
#10 /var/www/test3/yii/framework/base/CApplication.php(162): CWebApplication->processRequest()
#11 /var/www/test3/index.php(13): CWebApplication->run()
REQUEST_URI=/test3/
in /var/www/test3/protected/views/site/index.php (6)
in /var/www/test3/protected/views/site/index.php (6)
in /var/www/test3/protected/controllers/SiteController.php (32)
2012/08/09 01:16:57 [error] [php] include(Facebook.php): failed to open stream: No such file or directory (/var/www/test3/yii/framework/YiiBase.php:418)
Stack trace:
#0 /var/www/test3/protected/controllers/SiteController.php(34): spl_autoload_call()
#1 /var/www/test3/yii/framework/web/actions/CInlineAction.php(50): SiteController->actionIndex()
#2 /var/www/test3/yii/framework/web/CController.php(309): CInlineAction->runWithParams()
#3 /var/www/test3/yii/framework/web/CController.php(287): SiteController->runAction()
#4 /var/www/test3/yii/framework/web/CController.php(266): SiteController->runActionWithFilters()
#5 /var/www/test3/yii/framework/web/CWebApplication.php(276): SiteController->run()
#6 /var/www/test3/yii/framework/web/CWebApplication.php(135): CWebApplication->runController()
#7 /var/www/test3/yii/framework/base/CApplication.php(162): CWebApplication->processRequest()
#8 /var/www/test3/index.php(13): CWebApplication->run()
REQUEST_URI=/test3/
in /var/www/test3/protected/controllers/SiteController.php (34)
in /var/www/test3/index.php (13)
2012/08/09 01:17:52 [error] [php] include(Facebook.php): failed to open stream: No such file or directory (/var/www/test3/yii/framework/YiiBase.php:418)
Stack trace:
#0 /var/www/test3/protected/controllers/SiteController.php(34): spl_autoload_call()
#1 /var/www/test3/yii/framework/web/actions/CInlineAction.php(50): SiteController->actionIndex()
#2 /var/www/test3/yii/framework/web/CController.php(309): CInlineAction->runWithParams()
#3 /var/www/test3/yii/framework/web/CController.php(287): SiteController->runAction()
#4 /var/www/test3/yii/framework/web/CController.php(266): SiteController->runActionWithFilters()
#5 /var/www/test3/yii/framework/web/CWebApplication.php(276): SiteController->run()
#6 /var/www/test3/yii/framework/web/CWebApplication.php(135): CWebApplication->runController()
#7 /var/www/test3/yii/framework/base/CApplication.php(162): CWebApplication->processRequest()
#8 /var/www/test3/index.php(13): CWebApplication->run()
REQUEST_URI=/test3/
in /var/www/test3/protected/controllers/SiteController.php (34)
in /var/www/test3/index.php (13)
2012/08/09 01:20:04 [error] [exception.FacebookApiException] OAuthException: An active access token must be used to query information about the current user.
REQUEST_URI=/test3/
---
2012/08/09 01:31:50 [error] [exception.FacebookApiException] OAuthException: An active access token must be used to query information about the current user.
REQUEST_URI=/test3/
---
2012/08/09 01:34:23 [error] [exception.FacebookApiException] OAuthException: An active access token must be used to query information about the current user.
REQUEST_URI=/test3/
---
2012/08/09 02:58:04 [error] [php] Undefined variable: userId (/var/www/test3/protected/controllers/SiteController.php:69)
Stack trace:
#0 /var/www/test3/yii/framework/web/CController.php(287): SiteController->runAction()
#1 /var/www/test3/yii/framework/web/CController.php(266): SiteController->runActionWithFilters()
#2 /var/www/test3/yii/framework/web/CWebApplication.php(276): SiteController->run()
#3 /var/www/test3/yii/framework/web/CWebApplication.php(135): CWebApplication->runController()
#4 /var/www/test3/yii/framework/base/CApplication.php(162): CWebApplication->processRequest()
#5 /var/www/test3/index.php(13): CWebApplication->run()
REQUEST_URI=/test3/
in /var/www/test3/protected/controllers/SiteController.php (69)
in /var/www/test3/index.php (13)
2012/08/09 03:12:50 [error] [exception.CException] exception 'CException' with message 'Alias "application.widgets.facebook.Facebook" is invalid. Make sure it points to an existing PHP file.' in /var/www/test3/yii/framework/YiiBase.php:318
Stack trace:
#0 /var/www/test3/yii/framework/web/CWidgetFactory.php(147): YiiBase::import('application.wid...', true)
#1 /var/www/test3/yii/framework/web/CBaseController.php(147): CWidgetFactory->createWidget(Object(SiteController), 'application.wid...', Array)
#2 /var/www/test3/yii/framework/web/CBaseController.php(173): CBaseController->createWidget('application.wid...', Array)
#3 /var/www/test3/protected/views/site/index.php(2): CBaseController->widget('application.wid...', Array)
#4 /var/www/test3/yii/framework/web/CBaseController.php(127): require('/var/www/test3/...')
#5 /var/www/test3/yii/framework/web/CBaseController.php(96): CBaseController->renderInternal('/var/www/test3/...', NULL, true)
#6 /var/www/test3/yii/framework/web/CController.php(870): CBaseController->renderFile('/var/www/test3/...', NULL, true)
#7 /var/www/test3/yii/framework/web/CController.php(783): CController->renderPartial('index', NULL, true)
#8 /var/www/test3/protected/controllers/SiteController.php(69): CController->render('index')
#9 /var/www/test3/yii/framework/web/actions/CInlineAction.php(50): SiteController->actionIndex()
#10 /var/www/test3/yii/framework/web/CController.php(309): CInlineAction->runWithParams(Array)
#11 /var/www/test3/yii/framework/web/CController.php(287): CController->runAction(Object(CInlineAction))
#12 /var/www/test3/yii/framework/web/CController.php(266): CController->runActionWithFilters(Object(CInlineAction), Array)
#13 /var/www/test3/yii/framework/web/CWebApplication.php(276): CController->run('')
#14 /var/www/test3/yii/framework/web/CWebApplication.php(135): CWebApplication->runController('')
#15 /var/www/test3/yii/framework/base/CApplication.php(162): CWebApplication->processRequest()
#16 /var/www/test3/index.php(13): CApplication->run()
#17 {main}
REQUEST_URI=/test3/
---
2012/08/09 03:38:05 [error] [php] Undefined variable: facebook (/var/www/test3/protected/controllers/SiteController.php:55)
Stack trace:
#0 /var/www/test3/yii/framework/web/CController.php(287): SiteController->runAction()
#1 /var/www/test3/yii/framework/web/CController.php(266): SiteController->runActionWithFilters()
#2 /var/www/test3/yii/framework/web/CWebApplication.php(276): SiteController->run()
#3 /var/www/test3/yii/framework/web/CWebApplication.php(135): CWebApplication->runController()
#4 /var/www/test3/yii/framework/base/CApplication.php(162): CWebApplication->processRequest()
#5 /var/www/test3/index.php(13): CWebApplication->run()
REQUEST_URI=/test3/
in /var/www/test3/protected/controllers/SiteController.php (55)
in /var/www/test3/index.php (13)
2012/08/09 03:39:23 [error] [php] Undefined variable: facebook (/var/www/test3/protected/controllers/SiteController.php:56)
Stack trace:
#0 /var/www/test3/yii/framework/web/CController.php(287): SiteController->runAction()
#1 /var/www/test3/yii/framework/web/CController.php(266): SiteController->runActionWithFilters()
#2 /var/www/test3/yii/framework/web/CWebApplication.php(276): SiteController->run()
#3 /var/www/test3/yii/framework/web/CWebApplication.php(135): CWebApplication->runController()
#4 /var/www/test3/yii/framework/base/CApplication.php(162): CWebApplication->processRequest()
#5 /var/www/test3/index.php(13): CWebApplication->run()
REQUEST_URI=/test3/
in /var/www/test3/protected/controllers/SiteController.php (56)
in /var/www/test3/index.php (13)
2012/08/09 13:42:58 [error] [exception.FacebookApiException] OAuthException: Error validating access token: The session is invalid because the user logged out.
REQUEST_URI=/test3/
---
2012/08/09 13:46:07 [error] [exception.CException] exception 'CException' with message 'CWebApplication and its behaviors do not have a method or closure named "absoluteUrl".' in /var/www/test3/yii/framework/base/CComponent.php:266
Stack trace:
#0 /var/www/test3/protected/views/site/index.php(33): CComponent->__call('absoluteUrl', Array)
#1 /var/www/test3/protected/views/site/index.php(33): CWebApplication->absoluteUrl('site/login')
#2 /var/www/test3/yii/framework/web/CBaseController.php(127): require('/var/www/test3/...')
#3 /var/www/test3/yii/framework/web/CBaseController.php(96): CBaseController->renderInternal('/var/www/test3/...', NULL, true)
#4 /var/www/test3/yii/framework/web/CController.php(870): CBaseController->renderFile('/var/www/test3/...', NULL, true)
#5 /var/www/test3/yii/framework/web/CController.php(783): CController->renderPartial('index', NULL, true)
#6 /var/www/test3/protected/controllers/SiteController.php(86): CController->render('index')
#7 /var/www/test3/yii/framework/web/actions/CInlineAction.php(50): SiteController->actionIndex()
#8 /var/www/test3/yii/framework/web/CController.php(309): CInlineAction->runWithParams(Array)
#9 /var/www/test3/yii/framework/web/CController.php(287): CController->runAction(Object(CInlineAction))
#10 /var/www/test3/yii/framework/web/CController.php(266): CController->runActionWithFilters(Object(CInlineAction), Array)
#11 /var/www/test3/yii/framework/web/CWebApplication.php(276): CController->run('')
#12 /var/www/test3/yii/framework/web/CWebApplication.php(135): CWebApplication->runController('')
#13 /var/www/test3/yii/framework/base/CApplication.php(162): CWebApplication->processRequest()
#14 /var/www/test3/index.php(13): CApplication->run()
#15 {main}
REQUEST_URI=/test3/
---
2012/08/09 13:48:21 [error] [php] Use of undefined constant s - assumed 's' (/var/www/test3/protected/controllers/SiteController.php:86)
Stack trace:
#0 /var/www/test3/yii/framework/web/CController.php(287): SiteController->runAction()
#1 /var/www/test3/yii/framework/web/CController.php(266): SiteController->runActionWithFilters()
#2 /var/www/test3/yii/framework/web/CWebApplication.php(276): SiteController->run()
#3 /var/www/test3/yii/framework/web/CWebApplication.php(135): CWebApplication->runController()
#4 /var/www/test3/yii/framework/base/CApplication.php(162): CWebApplication->processRequest()
#5 /var/www/test3/index.php(13): CWebApplication->run()
REQUEST_URI=/test3/
in /var/www/test3/protected/controllers/SiteController.php (86)
in /var/www/test3/index.php (13)
2012/08/09 15:09:13 [error] [php] include(Facebook.php): failed to open stream: No such file or directory (/var/www/test3/yii/framework/YiiBase.php:418)
Stack trace:
#0 /var/www/test3/protected/controllers/SiteController.php(68): spl_autoload_call()
#1 /var/www/test3/yii/framework/web/actions/CInlineAction.php(50): SiteController->actionIndex()
#2 /var/www/test3/yii/framework/web/CController.php(309): CInlineAction->runWithParams()
#3 /var/www/test3/yii/framework/web/CController.php(287): SiteController->runAction()
#4 /var/www/test3/yii/framework/web/CController.php(266): SiteController->runActionWithFilters()
#5 /var/www/test3/yii/framework/web/CWebApplication.php(276): SiteController->run()
#6 /var/www/test3/yii/framework/web/CWebApplication.php(135): CWebApplication->runController()
#7 /var/www/test3/yii/framework/base/CApplication.php(162): CWebApplication->processRequest()
#8 /var/www/test3/index.php(13): CWebApplication->run()
REQUEST_URI=/test3/
in /var/www/test3/protected/controllers/SiteController.php (68)
in /var/www/test3/index.php (13)
2012/08/09 15:09:57 [error] [php] include(Facebook.php): failed to open stream: No such file or directory (/var/www/test3/yii/framework/YiiBase.php:418)
Stack trace:
#0 /var/www/test3/protected/controllers/SiteController.php(68): spl_autoload_call()
#1 /var/www/test3/yii/framework/web/actions/CInlineAction.php(50): SiteController->actionIndex()
#2 /var/www/test3/yii/framework/web/CController.php(309): CInlineAction->runWithParams()
#3 /var/www/test3/yii/framework/web/CController.php(287): SiteController->runAction()
#4 /var/www/test3/yii/framework/web/CController.php(266): SiteController->runActionWithFilters()
#5 /var/www/test3/yii/framework/web/CWebApplication.php(276): SiteController->run()
#6 /var/www/test3/yii/framework/web/CWebApplication.php(135): CWebApplication->runController()
#7 /var/www/test3/yii/framework/base/CApplication.php(162): CWebApplication->processRequest()
#8 /var/www/test3/index.php(13): CWebApplication->run()
REQUEST_URI=/test3/
in /var/www/test3/protected/controllers/SiteController.php (68)
in /var/www/test3/index.php (13)
2012/08/09 15:10:01 [error] [php] include(Facebook.php): failed to open stream: No such file or directory (/var/www/test3/yii/framework/YiiBase.php:418)
Stack trace:
#0 /var/www/test3/protected/controllers/SiteController.php(68): spl_autoload_call()
#1 /var/www/test3/yii/framework/web/actions/CInlineAction.php(50): SiteController->actionIndex()
#2 /var/www/test3/yii/framework/web/CController.php(309): CInlineAction->runWithParams()
#3 /var/www/test3/yii/framework/web/CController.php(287): SiteController->runAction()
#4 /var/www/test3/yii/framework/web/CController.php(266): SiteController->runActionWithFilters()
#5 /var/www/test3/yii/framework/web/CWebApplication.php(276): SiteController->run()
#6 /var/www/test3/yii/framework/web/CWebApplication.php(135): CWebApplication->runController()
#7 /var/www/test3/yii/framework/base/CApplication.php(162): CWebApplication->processRequest()
#8 /var/www/test3/index.php(13): CWebApplication->run()
REQUEST_URI=/test3/
in /var/www/test3/protected/controllers/SiteController.php (68)
in /var/www/test3/index.php (13)
2012/08/09 15:11:06 [error] [php] include(FbLogin.php): failed to open stream: No such file or directory (/var/www/test3/yii/framework/YiiBase.php:418)
Stack trace:
#0 /var/www/test3/yii/framework/web/CWidgetFactory.php(147): import()
#1 /var/www/test3/yii/framework/web/CBaseController.php(147): CWidgetFactory->createWidget()
#2 /var/www/test3/yii/framework/web/CBaseController.php(173): SiteController->createWidget()
#3 /var/www/test3/protected/extensions/bootstrap/widgets/BootNavbar.php(129): SiteController->widget()
#4 /var/www/test3/yii/framework/web/CBaseController.php(174): BootNavbar->run()
#5 /var/www/test3/protected/views/layouts/main.php(79): SiteController->widget()
#6 /var/www/test3/yii/framework/web/CBaseController.php(127): require()
#7 /var/www/test3/yii/framework/web/CBaseController.php(96): SiteController->renderInternal()
#8 /var/www/test3/yii/framework/web/widgets/CContentDecorator.php(77): SiteController->renderFile()
#9 /var/www/test3/yii/framework/web/widgets/CContentDecorator.php(55): CContentDecorator->decorate()
#10 /var/www/test3/yii/framework/web/widgets/COutputProcessor.php(45): CContentDecorator->processOutput()
#11 /var/www/test3/yii/framework/web/CBaseController.php(207): CContentDecorator->run()
#12 /var/www/test3/yii/framework/web/CBaseController.php(301): SiteController->endWidget()
#13 /var/www/test3/protected/views/layouts/column1.php(5): SiteController->endContent()
#14 /var/www/test3/yii/framework/web/CBaseController.php(127): require()
#15 /var/www/test3/yii/framework/web/CBaseController.php(96): SiteController->renderInternal()
#16 /var/www/test3/yii/framework/web/CController.php(785): SiteController->renderFile()
#17 /var/www/test3/protected/controllers/SiteController.php(103): SiteController->render()
#18 /var/www/test3/yii/framework/web/actions/CInlineAction.php(50): SiteController->actionIndex()
#19 /var/www/test3/yii/framework/web/CController.php(309): CInlineAction->runWithParams()
#20 /var/www/test3/yii/framework/web/CController.php(287): SiteController->runAction()
#21 /var/www/test3/yii/framework/web/CController.php(266): SiteController->runActionWithFilters()
#22 /var/www/test3/yii/framework/web/CWebApplication.php(276): SiteController->run()
#23 /var/www/test3/yii/framework/web/CWebApplication.php(135): CWebApplication->runController()
#24 /var/www/test3/yii/framework/base/CApplication.php(162): CWebApplication->processRequest()
#25 /var/www/test3/index.php(13): CWebApplication->run()
REQUEST_URI=/test3/
in /var/www/test3/protected/extensions/bootstrap/widgets/BootNavbar.php (129)
in /var/www/test3/protected/views/layouts/main.php (79)
in /var/www/test3/protected/views/layouts/column1.php (5)
